<?xml version="1.0" encoding="UTF-8"?>
<testsuite xmlns:xsi="http://www.w3.org/2001/XMLSchema-instance" xsi:noNamespaceSchemaLocation="https://maven.apache.org/surefire/maven-surefire-plugin/xsd/surefire-test-report-3.0.xsd" version="3.0" name="math.ArrayOperationsTest" time="0.002" tests="1" errors="0" skipped="0" failures="0">
  <properties>
    <property name="java.specification.version" value="24"/>
    <property name="sun.jnu.encoding" value="UTF-8"/>
    <property name="java.class.path" value="/home/zahin-abdullah-rakin/Documents/6th semester/unittesting/target/test-classes:/home/zahin-abdullah-rakin/Documents/6th semester/unittesting/target/classes:/home/zahin-abdullah-rakin/.m2/repository/junit/junit/4.13.2/junit-4.13.2.jar:/home/zahin-abdullah-rakin/.m2/repository/org/hamcrest/hamcrest-core/1.3/hamcrest-core-1.3.jar:/home/zahin-abdullah-rakin/.m2/repository/org/mockito/mockito-core/4.11.0/mockito-core-4.11.0.jar:/home/zahin-abdullah-rakin/.m2/repository/net/bytebuddy/byte-buddy/1.12.19/byte-buddy-1.12.19.jar:/home/zahin-abdullah-rakin/.m2/repository/net/bytebuddy/byte-buddy-agent/1.12.19/byte-buddy-agent-1.12.19.jar:/home/zahin-abdullah-rakin/.m2/repository/org/objenesis/objenesis/3.3/objenesis-3.3.jar:/home/zahin-abdullah-rakin/.m2/repository/org/jacoco/jacoco-maven-plugin/0.8.13/jacoco-maven-plugin-0.8.13.jar:/home/zahin-abdullah-rakin/.m2/repository/org/codehaus/plexus/plexus-utils/3.0.24/plexus-utils-3.0.24.jar:/home/zahin-abdullah-rakin/.m2/repository/org/apache/maven/shared/file-management/3.1.0/file-management-3.1.0.jar:/home/zahin-abdullah-rakin/.m2/repository/org/slf4j/slf4j-api/1.7.36/slf4j-api-1.7.36.jar:/home/zahin-abdullah-rakin/.m2/repository/commons-io/commons-io/2.11.0/commons-io-2.11.0.jar:/home/zahin-abdullah-rakin/.m2/repository/org/apache/maven/reporting/maven-reporting-api/3.0/maven-reporting-api-3.0.jar:/home/zahin-abdullah-rakin/.m2/repository/org/apache/maven/doxia/doxia-sink-api/1.0/doxia-sink-api-1.0.jar:/home/zahin-abdullah-rakin/.m2/repository/org/jacoco/org.jacoco.agent/0.8.13/org.jacoco.agent-0.8.13-runtime.jar:/home/zahin-abdullah-rakin/.m2/repository/org/jacoco/org.jacoco.core/0.8.13/org.jacoco.core-0.8.13.jar:/home/zahin-abdullah-rakin/.m2/repository/org/ow2/asm/asm/9.8/asm-9.8.jar:/home/zahin-abdullah-rakin/.m2/repository/org/ow2/asm/asm-commons/9.8/asm-commons-9.8.jar:/home/zahin-abdullah-rakin/.m2/repository/org/ow2/asm/asm-tree/9.8/asm-tree-9.8.jar:/home/zahin-abdullah-rakin/.m2/repository/org/jacoco/org.jacoco.report/0.8.13/org.jacoco.report-0.8.13.jar:"/>
    <property name="java.vm.vendor" value="Oracle Corporation"/>
    <property name="sun.arch.data.model" value="64"/>
    <property name="java.vendor.url" value="https://java.oracle.com/"/>
    <property name="os.name" value="Linux"/>
    <property name="java.vm.specification.version" value="24"/>
    <property name="sun.java.launcher" value="SUN_STANDARD"/>
    <property name="user.country" value="US"/>
    <property name="sun.boot.library.path" value="/usr/lib/jvm/jdk-24.0.1-oracle-x64/lib"/>
    <property name="sun.java.command" value="/home/zahin-abdullah-rakin/Documents/6th semester/unittesting/target/surefire/surefirebooter-20250702151850794_3.jar /home/zahin-abdullah-rakin/Documents/6th semester/unittesting/target/surefire 2025-07-02T15-18-50_685-jvmRun1 surefire-20250702151850794_1tmp surefire_0-20250702151850794_2tmp"/>
    <property name="jdk.debug" value="release"/>
    <property name="surefire.test.class.path" value="/home/zahin-abdullah-rakin/Documents/6th semester/unittesting/target/test-classes:/home/zahin-abdullah-rakin/Documents/6th semester/unittesting/target/classes:/home/zahin-abdullah-rakin/.m2/repository/junit/junit/4.13.2/junit-4.13.2.jar:/home/zahin-abdullah-rakin/.m2/repository/org/hamcrest/hamcrest-core/1.3/hamcrest-core-1.3.jar:/home/zahin-abdullah-rakin/.m2/repository/org/mockito/mockito-core/4.11.0/mockito-core-4.11.0.jar:/home/zahin-abdullah-rakin/.m2/repository/net/bytebuddy/byte-buddy/1.12.19/byte-buddy-1.12.19.jar:/home/zahin-abdullah-rakin/.m2/repository/net/bytebuddy/byte-buddy-agent/1.12.19/byte-buddy-agent-1.12.19.jar:/home/zahin-abdullah-rakin/.m2/repository/org/objenesis/objenesis/3.3/objenesis-3.3.jar:/home/zahin-abdullah-rakin/.m2/repository/org/jacoco/jacoco-maven-plugin/0.8.13/jacoco-maven-plugin-0.8.13.jar:/home/zahin-abdullah-rakin/.m2/repository/org/codehaus/plexus/plexus-utils/3.0.24/plexus-utils-3.0.24.jar:/home/zahin-abdullah-rakin/.m2/repository/org/apache/maven/shared/file-management/3.1.0/file-management-3.1.0.jar:/home/zahin-abdullah-rakin/.m2/repository/org/slf4j/slf4j-api/1.7.36/slf4j-api-1.7.36.jar:/home/zahin-abdullah-rakin/.m2/repository/commons-io/commons-io/2.11.0/commons-io-2.11.0.jar:/home/zahin-abdullah-rakin/.m2/repository/org/apache/maven/reporting/maven-reporting-api/3.0/maven-reporting-api-3.0.jar:/home/zahin-abdullah-rakin/.m2/repository/org/apache/maven/doxia/doxia-sink-api/1.0/doxia-sink-api-1.0.jar:/home/zahin-abdullah-rakin/.m2/repository/org/jacoco/org.jacoco.agent/0.8.13/org.jacoco.agent-0.8.13-runtime.jar:/home/zahin-abdullah-rakin/.m2/repository/org/jacoco/org.jacoco.core/0.8.13/org.jacoco.core-0.8.13.jar:/home/zahin-abdullah-rakin/.m2/repository/org/ow2/asm/asm/9.8/asm-9.8.jar:/home/zahin-abdullah-rakin/.m2/repository/org/ow2/asm/asm-commons/9.8/asm-commons-9.8.jar:/home/zahin-abdullah-rakin/.m2/repository/org/ow2/asm/asm-tree/9.8/asm-tree-9.8.jar:/home/zahin-abdullah-rakin/.m2/repository/org/jacoco/org.jacoco.report/0.8.13/org.jacoco.report-0.8.13.jar:"/>
    <property name="sun.cpu.endian" value="little"/>
    <property name="user.home" value="/home/zahin-abdullah-rakin"/>
    <property name="user.language" value="en"/>
    <property name="java.specification.vendor" value="Oracle Corporation"/>
    <property name="java.version.date" value="2025-04-15"/>
    <property name="java.home" value="/usr/lib/jvm/jdk-24.0.1-oracle-x64"/>
    <property name="file.separator" value="/"/>
    <property name="basedir" value="/home/zahin-abdullah-rakin/Documents/6th semester/unittesting"/>
    <property name="java.vm.compressedOopsMode" value="32-bit"/>
    <property name="line.separator" value="&#10;"/>
    <property name="java.specification.name" value="Java Platform API Specification"/>
    <property name="java.vm.specification.vendor" value="Oracle Corporation"/>
    <property name="surefire.real.class.path" value="/home/zahin-abdullah-rakin/Documents/6th semester/unittesting/target/surefire/surefirebooter-20250702151850794_3.jar"/>
    <property name="sun.management.compiler" value="HotSpot 64-Bit Tiered Compilers"/>
    <property name="java.runtime.version" value="24.0.1+9-30"/>
    <property name="user.name" value="zahin-abdullah-rakin"/>
    <property name="stdout.encoding" value="UTF-8"/>
    <property name="path.separator" value=":"/>
    <property name="os.version" value="6.14.0-22-generic"/>
    <property name="java.runtime.name" value="Java(TM) SE Runtime Environment"/>
    <property name="file.encoding" value="UTF-8"/>
    <property name="java.vm.name" value="Java HotSpot(TM) 64-Bit Server VM"/>
    <property name="localRepository" value="/home/zahin-abdullah-rakin/.m2/repository"/>
    <property name="java.vendor.url.bug" value="https://bugreport.java.com/bugreport/"/>
    <property name="java.io.tmpdir" value="/tmp"/>
    <property name="java.version" value="24.0.1"/>
    <property name="user.dir" value="/home/zahin-abdullah-rakin/Documents/6th semester/unittesting"/>
    <property name="os.arch" value="amd64"/>
    <property name="java.vm.specification.name" value="Java Virtual Machine Specification"/>
    <property name="native.encoding" value="UTF-8"/>
    <property name="java.library.path" value="/usr/java/packages/lib:/usr/lib64:/lib64:/lib:/usr/lib"/>
    <property name="java.vm.info" value="mixed mode, sharing"/>
    <property name="stderr.encoding" value="UTF-8"/>
    <property name="java.vendor" value="Oracle Corporation"/>
    <property name="java.vm.version" value="24.0.1+9-30"/>
    <property name="sun.io.unicode.encoding" value="UnicodeLittle"/>
    <property name="java.class.version" value="68.0"/>
  </properties>
  <testcase name="testFindPrimesInFile" classname="math.ArrayOperationsTest" time="0.0"/>
</testsuite>